<?xml version="1.0" encoding="UTF-8"?>
<!-- Generated by org.testng.reporters.JUnitReportReporter -->
<testsuite skipped="0" hostname="IN5CG6434YRX" name="TestngXML_Package.PersonalLoan" tests="6" failures="0" timestamp="09 Mar 2019 11:25:27 GMT" time="0.032" errors="0">
  <testcase name="DataProviderDemioMethod" time="0.000" classname="TestngXML_Package.PersonalLoan"/>
  <testcase name="DataProviderDemioMethod" time="0.016" classname="TestngXML_Package.PersonalLoan"/>
  <testcase name="APIPersonalLoan" time="0.000" classname="TestngXML_Package.PersonalLoan"/>
  <testcase name="DataProviderDemioMethod" time="0.000" classname="TestngXML_Package.PersonalLoan"/>
  <testcase name="MobilePersonalLoan" time="0.016" classname="TestngXML_Package.PersonalLoan"/>
  <testcase name="WebPersonalLoan" time="0.000" classname="TestngXML_Package.PersonalLoan"/>
</testsuite> <!-- TestngXML_Package.PersonalLoan -->
