<?xml version="1.0" encoding="UTF-8"?>
<!-- Generated by org.testng.reporters.JUnitReportReporter -->
<testsuite skipped="0" hostname="IN5CG6434YRX" name="TestngXML_Package.Logout" tests="2" failures="0" timestamp="30 Mar 2019 04:50:00 GMT" time="0.014" errors="0">
  <testcase name="WebLogout" time="0.012" classname="TestngXML_Package.Logout"/>
  <testcase name="WebLogout" time="0.002" classname="TestngXML_Package.Logout"/>
</testsuite> <!-- TestngXML_Package.Logout -->
