<?xml version="1.0" encoding="UTF-8"?>
<!-- Generated by org.testng.reporters.JUnitReportReporter -->
<testsuite skipped="0" hostname="IN5CG6434YRX" name="TestNGBasics_Package.AtTest_Annotation_Demo" tests="2" failures="0" timestamp="17 Feb 2019 05:41:41 GMT" time="21.354" errors="0">
  <testcase name="BrowserLaunchMethod" time="21.351" classname="TestNGBasics_Package.AtTest_Annotation_Demo"/>
  <testcase name="TestReport" time="0.003" classname="TestNGBasics_Package.AtTest_Annotation_Demo"/>
</testsuite> <!-- TestNGBasics_Package.AtTest_Annotation_Demo -->
